<?xml version="1.0" encoding="UTF-8"?>
<!-- Generated by org.testng.reporters.JUnitReportReporter -->
<testsuite skipped="16" hostname="LAPTOP-Q18VUQ5U" name="org.com.automation.practise.AllNewLogics" tests="20" failures="0" timestamp="31 Jul 2019 07:49:52 GMT" time="5.765" errors="2">
  <testcase name="test25" time="0.000" classname="org.com.automation.practise.AllNewLogics">
    <error type="org.testng.TestNGException" message="
Cannot inject @Test annotated Method [test25] with [class java.lang.String, class java.lang.String].
For more information on native dependency injection please refer to http://testng.org/doc/documentation-main.html#native-dependency-injection">
      <![CDATA[org.testng.TestNGException: 
Cannot inject @Test annotated Method [test25] with [class java.lang.String, class java.lang.String].
For more information on native dependency injection please refer to http://testng.org/doc/documentation-main.html#native-dependency-injection
at org.testng.internal.Parameters.checkParameterTypes(Parameters.java:407)
at org.testng.internal.Parameters.createParametersForMethod(Parameters.java:356)
at org.testng.internal.Parameters.createParameters(Parameters.java:635)
at org.testng.internal.Parameters.handleParameters(Parameters.java:769)
at org.testng.internal.ParameterHandler.handleParameters(ParameterHandler.java:49)
at org.testng.internal.ParameterHandler.createParameters(ParameterHandler.java:37)
at org.testng.internal.Invoker.invokeTestMethods(Invoker.java:923)
at org.testng.internal.TestMethodWorker.invokeTestMethods(TestMethodWorker.java:125)
at org.testng.internal.TestMethodWorker.run(TestMethodWorker.java:109)
at org.testng.TestRunner.privateRun(TestRunner.java:648)
at org.testng.TestRunner.run(TestRunner.java:505)
at org.testng.SuiteRunner.runTest(SuiteRunner.java:455)
at org.testng.SuiteRunner.runSequentially(SuiteRunner.java:450)
at org.testng.SuiteRunner.privateRun(SuiteRunner.java:415)
at org.testng.SuiteRunner.run(SuiteRunner.java:364)
at org.testng.SuiteRunnerWorker.runSuite(SuiteRunnerWorker.java:52)
at org.testng.SuiteRunnerWorker.run(SuiteRunnerWorker.java:84)
at org.testng.TestNG.runSuitesSequentially(TestNG.java:1208)
at org.testng.TestNG.runSuitesLocally(TestNG.java:1137)
at org.testng.TestNG.runSuites(TestNG.java:1049)
at org.testng.TestNG.run(TestNG.java:1017)
at org.testng.remote.AbstractRemoteTestNG.run(AbstractRemoteTestNG.java:114)
at org.testng.remote.RemoteTestNG.initAndRun(RemoteTestNG.java:251)
at org.testng.remote.RemoteTestNG.main(RemoteTestNG.java:77)
]]>
    </error>
  </testcase> <!-- test25 -->
  <testcase name="test23" time="0.004" classname="org.com.automation.practise.AllNewLogics"/>
  <testcase name="test24" time="0.000" classname="org.com.automation.practise.AllNewLogics">
    <error type="org.testng.TestNGException" message="
Parameter &#039;url&#039; is required by @Test on method test24 but has not been marked @Optional or defined
in C:\Users\Preeti Kotnis\AppData\Local\Temp\testng-eclipse--1419951490\testng-customsuite.xml">
      <![CDATA[org.testng.TestNGException: 
Parameter 'url' is required by @Test on method test24 but has not been marked @Optional or defined
in C:\Users\Preeti Kotnis\AppData\Local\Temp\testng-eclipse--1419951490\testng-customsuite.xml
at org.testng.internal.Parameters.createParams(Parameters.java:290)
at org.testng.internal.Parameters.createParametersForMethod(Parameters.java:359)
at org.testng.internal.Parameters.createParameters(Parameters.java:620)
at org.testng.internal.Parameters.handleParameters(Parameters.java:769)
at org.testng.internal.ParameterHandler.handleParameters(ParameterHandler.java:49)
at org.testng.internal.ParameterHandler.createParameters(ParameterHandler.java:37)
at org.testng.internal.Invoker.invokeTestMethods(Invoker.java:923)
at org.testng.internal.TestMethodWorker.invokeTestMethods(TestMethodWorker.java:125)
at org.testng.internal.TestMethodWorker.run(TestMethodWorker.java:109)
at org.testng.TestRunner.privateRun(TestRunner.java:648)
at org.testng.TestRunner.run(TestRunner.java:505)
at org.testng.SuiteRunner.runTest(SuiteRunner.java:455)
at org.testng.SuiteRunner.runSequentially(SuiteRunner.java:450)
at org.testng.SuiteRunner.privateRun(SuiteRunner.java:415)
at org.testng.SuiteRunner.run(SuiteRunner.java:364)
at org.testng.SuiteRunnerWorker.runSuite(SuiteRunnerWorker.java:52)
at org.testng.SuiteRunnerWorker.run(SuiteRunnerWorker.java:84)
at org.testng.TestNG.runSuitesSequentially(TestNG.java:1208)
at org.testng.TestNG.runSuitesLocally(TestNG.java:1137)
at org.testng.TestNG.runSuites(TestNG.java:1049)
at org.testng.TestNG.run(TestNG.java:1017)
at org.testng.remote.AbstractRemoteTestNG.run(AbstractRemoteTestNG.java:114)
at org.testng.remote.RemoteTestNG.initAndRun(RemoteTestNG.java:251)
at org.testng.remote.RemoteTestNG.main(RemoteTestNG.java:77)
]]>
    </error>
  </testcase> <!-- test24 -->
  <testcase name="test13" time="5.761" classname="org.com.automation.practise.AllNewLogics"/>
  <testcase name="test20" classname="org.com.automation.practise.AllNewLogics">
    <skipped/>
  </testcase> <!-- test20 -->
  <testcase name="test19" classname="org.com.automation.practise.AllNewLogics">
    <skipped/>
  </testcase> <!-- test19 -->
  <testcase name="test18" classname="org.com.automation.practise.AllNewLogics">
    <skipped/>
  </testcase> <!-- test18 -->
  <testcase name="test1" classname="org.com.automation.practise.AllNewLogics">
    <skipped/>
  </testcase> <!-- test1 -->
  <testcase name="test15" classname="org.com.automation.practise.AllNewLogics">
    <skipped/>
  </testcase> <!-- test15 -->
  <testcase name="test14" classname="org.com.automation.practise.AllNewLogics">
    <skipped/>
  </testcase> <!-- test14 -->
  <testcase name="test16" classname="org.com.automation.practise.AllNewLogics">
    <skipped/>
  </testcase> <!-- test16 -->
  <testcase name="test22" classname="org.com.automation.practise.AllNewLogics">
    <skipped/>
  </testcase> <!-- test22 -->
  <testcase name="test21" classname="org.com.automation.practise.AllNewLogics">
    <skipped/>
  </testcase> <!-- test21 -->
  <testcase name="make_get_request" classname="org.com.automation.practise.AllNewLogics">
    <skipped/>
  </testcase> <!-- make_get_request -->
  <testcase name="test2" classname="org.com.automation.practise.AllNewLogics">
    <skipped/>
  </testcase> <!-- test2 -->
  <testcase name="test3" classname="org.com.automation.practise.AllNewLogics">
    <skipped/>
  </testcase> <!-- test3 -->
  <testcase name="test4" classname="org.com.automation.practise.AllNewLogics">
    <skipped/>
  </testcase> <!-- test4 -->
  <testcase name="test17" classname="org.com.automation.practise.AllNewLogics">
    <skipped/>
  </testcase> <!-- test17 -->
  <testcase name="test5" classname="org.com.automation.practise.AllNewLogics">
    <skipped/>
  </testcase> <!-- test5 -->
  <testcase name="test6" classname="org.com.automation.practise.AllNewLogics">
    <skipped/>
  </testcase> <!-- test6 -->
</testsuite> <!-- org.com.automation.practise.AllNewLogics -->
