<?xml version="1.0" encoding="UTF-8"?>
<!-- Generated by org.testng.reporters.JUnitReportReporter -->
<testsuite skipped="46" hostname="LAPTOP-Q18VUQ5U" name="org.com.automation.practise.AllNewLogics" tests="48" failures="0" timestamp="29 Jul 2019 05:36:15 GMT" time="175.909" errors="0">
  <testcase name="test24" time="85.750" classname="org.com.automation.practise.AllNewLogics"/>
  <testcase name="test24" time="90.159" classname="org.com.automation.practise.AllNewLogics"/>
  <testcase name="test19" classname="org.com.automation.practise.AllNewLogics">
    <skipped/>
  </testcase> <!-- test19 -->
  <testcase name="test19" classname="org.com.automation.practise.AllNewLogics">
    <skipped/>
  </testcase> <!-- test19 -->
  <testcase name="test18" classname="org.com.automation.practise.AllNewLogics">
    <skipped/>
  </testcase> <!-- test18 -->
  <testcase name="test18" classname="org.com.automation.practise.AllNewLogics">
    <skipped/>
  </testcase> <!-- test18 -->
  <testcase name="test1" classname="org.com.automation.practise.AllNewLogics">
    <skipped/>
  </testcase> <!-- test1 -->
  <testcase name="test1" classname="org.com.automation.practise.AllNewLogics">
    <skipped/>
  </testcase> <!-- test1 -->
  <testcase name="test15" classname="org.com.automation.practise.AllNewLogics">
    <skipped/>
  </testcase> <!-- test15 -->
  <testcase name="test15" classname="org.com.automation.practise.AllNewLogics">
    <skipped/>
  </testcase> <!-- test15 -->
  <testcase name="test14" classname="org.com.automation.practise.AllNewLogics">
    <skipped/>
  </testcase> <!-- test14 -->
  <testcase name="test14" classname="org.com.automation.practise.AllNewLogics">
    <skipped/>
  </testcase> <!-- test14 -->
  <testcase name="test16" classname="org.com.automation.practise.AllNewLogics">
    <skipped/>
  </testcase> <!-- test16 -->
  <testcase name="test16" classname="org.com.automation.practise.AllNewLogics">
    <skipped/>
  </testcase> <!-- test16 -->
  <testcase name="test11" classname="org.com.automation.practise.AllNewLogics">
    <skipped/>
  </testcase> <!-- test11 -->
  <testcase name="test11" classname="org.com.automation.practise.AllNewLogics">
    <skipped/>
  </testcase> <!-- test11 -->
  <testcase name="test10" classname="org.com.automation.practise.AllNewLogics">
    <skipped/>
  </testcase> <!-- test10 -->
  <testcase name="test10" classname="org.com.automation.practise.AllNewLogics">
    <skipped/>
  </testcase> <!-- test10 -->
  <testcase name="test13" classname="org.com.automation.practise.AllNewLogics">
    <skipped/>
  </testcase> <!-- test13 -->
  <testcase name="test13" classname="org.com.automation.practise.AllNewLogics">
    <skipped/>
  </testcase> <!-- test13 -->
  <testcase name="test12" classname="org.com.automation.practise.AllNewLogics">
    <skipped/>
  </testcase> <!-- test12 -->
  <testcase name="test12" classname="org.com.automation.practise.AllNewLogics">
    <skipped/>
  </testcase> <!-- test12 -->
  <testcase name="test17" classname="org.com.automation.practise.AllNewLogics">
    <skipped/>
  </testcase> <!-- test17 -->
  <testcase name="test17" classname="org.com.automation.practise.AllNewLogics">
    <skipped/>
  </testcase> <!-- test17 -->
  <testcase name="test20" classname="org.com.automation.practise.AllNewLogics">
    <skipped/>
  </testcase> <!-- test20 -->
  <testcase name="test20" classname="org.com.automation.practise.AllNewLogics">
    <skipped/>
  </testcase> <!-- test20 -->
  <testcase name="test22" classname="org.com.automation.practise.AllNewLogics">
    <skipped/>
  </testcase> <!-- test22 -->
  <testcase name="test22" classname="org.com.automation.practise.AllNewLogics">
    <skipped/>
  </testcase> <!-- test22 -->
  <testcase name="test21" classname="org.com.automation.practise.AllNewLogics">
    <skipped/>
  </testcase> <!-- test21 -->
  <testcase name="test21" classname="org.com.automation.practise.AllNewLogics">
    <skipped/>
  </testcase> <!-- test21 -->
  <testcase name="make_get_request" classname="org.com.automation.practise.AllNewLogics">
    <skipped/>
  </testcase> <!-- make_get_request -->
  <testcase name="make_get_request" classname="org.com.automation.practise.AllNewLogics">
    <skipped/>
  </testcase> <!-- make_get_request -->
  <testcase name="test2" classname="org.com.automation.practise.AllNewLogics">
    <skipped/>
  </testcase> <!-- test2 -->
  <testcase name="test2" classname="org.com.automation.practise.AllNewLogics">
    <skipped/>
  </testcase> <!-- test2 -->
  <testcase name="test3" classname="org.com.automation.practise.AllNewLogics">
    <skipped/>
  </testcase> <!-- test3 -->
  <testcase name="test3" classname="org.com.automation.practise.AllNewLogics">
    <skipped/>
  </testcase> <!-- test3 -->
  <testcase name="test4" classname="org.com.automation.practise.AllNewLogics">
    <skipped/>
  </testcase> <!-- test4 -->
  <testcase name="test4" classname="org.com.automation.practise.AllNewLogics">
    <skipped/>
  </testcase> <!-- test4 -->
  <testcase name="test5" classname="org.com.automation.practise.AllNewLogics">
    <skipped/>
  </testcase> <!-- test5 -->
  <testcase name="test5" classname="org.com.automation.practise.AllNewLogics">
    <skipped/>
  </testcase> <!-- test5 -->
  <testcase name="test6" classname="org.com.automation.practise.AllNewLogics">
    <skipped/>
  </testcase> <!-- test6 -->
  <testcase name="test6" classname="org.com.automation.practise.AllNewLogics">
    <skipped/>
  </testcase> <!-- test6 -->
  <testcase name="test7" classname="org.com.automation.practise.AllNewLogics">
    <skipped/>
  </testcase> <!-- test7 -->
  <testcase name="test7" classname="org.com.automation.practise.AllNewLogics">
    <skipped/>
  </testcase> <!-- test7 -->
  <testcase name="test8" classname="org.com.automation.practise.AllNewLogics">
    <skipped/>
  </testcase> <!-- test8 -->
  <testcase name="test8" classname="org.com.automation.practise.AllNewLogics">
    <skipped/>
  </testcase> <!-- test8 -->
  <testcase name="test9" classname="org.com.automation.practise.AllNewLogics">
    <skipped/>
  </testcase> <!-- test9 -->
  <testcase name="test9" classname="org.com.automation.practise.AllNewLogics">
    <skipped/>
  </testcase> <!-- test9 -->
</testsuite> <!-- org.com.automation.practise.AllNewLogics -->
