<?xml version="1.0" encoding="UTF-8"?>
<!-- Generated by org.testng.reporters.JUnitReportReporter -->
<testsuite skipped="0" hostname="LAPTOP-Q18VUQ5U" name="org.com.june.Test132" tests="1" failures="0" timestamp="29 Jun 2019 18:32:42 GMT" time="0.024" errors="0">
  <testcase name="test1" time="0.024" classname="org.com.june.Test132"/>
</testsuite> <!-- org.com.june.Test132 -->
