<?xml version="1.0" encoding="UTF-8"?>
<!-- Generated by org.testng.reporters.JUnitReportReporter -->
<testsuite skipped="0" hostname="LAPTOP-Q18VUQ5U" name="tests.Test4" tests="1" failures="0" timestamp="28 Jul 2019 11:45:33 GMT" time="0.002" errors="0">
  <testcase name="run4" time="0.002" classname="tests.Test4"/>
</testsuite> <!-- tests.Test4 -->
