<?xml version="1.0" encoding="UTF-8"?>
<!-- Generated by org.testng.reporters.JUnitReportReporter -->
<testsuite skipped="6" hostname="LAPTOP-Q18VUQ5U" name="org.com.automation.practise.pattern_programing" tests="8" failures="0" timestamp="31 Jul 2019 11:04:43 GMT" time="0.350" errors="0">
  <testcase name="test7" time="0.242" classname="org.com.automation.practise.pattern_programing"/>
  <testcase name="test8" time="0.108" classname="org.com.automation.practise.pattern_programing"/>
  <testcase name="test3" classname="org.com.automation.practise.pattern_programing">
    <skipped/>
  </testcase> <!-- test3 -->
  <testcase name="test4" classname="org.com.automation.practise.pattern_programing">
    <skipped/>
  </testcase> <!-- test4 -->
  <testcase name="test1" classname="org.com.automation.practise.pattern_programing">
    <skipped/>
  </testcase> <!-- test1 -->
  <testcase name="test2" classname="org.com.automation.practise.pattern_programing">
    <skipped/>
  </testcase> <!-- test2 -->
  <testcase name="test5" classname="org.com.automation.practise.pattern_programing">
    <skipped/>
  </testcase> <!-- test5 -->
  <testcase name="test6" classname="org.com.automation.practise.pattern_programing">
    <skipped/>
  </testcase> <!-- test6 -->
</testsuite> <!-- org.com.automation.practise.pattern_programing -->
