<?xml version="1.0" encoding="UTF-8"?>
<!-- Generated by org.testng.reporters.JUnitXMLReporter -->
<testsuite hostname="LAPTOP-Q18VUQ5U" ignored="0" name="Test-3" tests="1" failures="0" timestamp="28 Jul 2019 11:45:33 GMT" time="0.013" errors="0">
  <testcase name="run3" time="0.004" classname="tests.Test3"/>
</testsuite> <!-- Test-3 -->
