<?xml version="1.0" encoding="UTF-8"?>
<!-- Generated by org.testng.reporters.JUnitXMLReporter -->
<testsuite hostname="LAPTOP-Q18VUQ5U" ignored="0" name="Test-4" tests="1" failures="0" timestamp="28 Jul 2019 11:45:33 GMT" time="0.012" errors="0">
  <testcase name="run4" time="0.002" classname="tests.Test4"/>
</testsuite> <!-- Test-4 -->
